<?xml version="1.0" encoding="UTF-8"?>
<!-- Generated by org.testng.reporters.JUnitReportReporter -->
<testsuite hostname="LAPTOP-1FSJSJE8" failures="0" tests="1" name="runners.RunCucumberTest" time="7.186" errors="0" timestamp="2023-03-28T20:23:33 IST" skipped="0">
  <testcase classname="runners.RunCucumberTest" name="runScenario" time="7.186"/>
  <system-out/>
</testsuite> <!-- runners.RunCucumberTest -->
