<?xml version="1.0" encoding="UTF-8"?>
<!-- Generated by org.testng.reporters.JUnitReportReporter -->
<testsuite hostname="LAPTOP-1FSJSJE8" failures="0" tests="3" name="awsomecucumber.RunCucumberTest" time="0.127" errors="0" timestamp="2023-03-20T20:01:02 IST" skipped="0">
  <testcase classname="awsomecucumber.RunCucumberTest" name="runScenario" time="0.020"/>
  <system-out/>
  <testcase classname="awsomecucumber.RunCucumberTest" name="runScenario" time="0.088"/>
  <system-out/>
  <testcase classname="awsomecucumber.RunCucumberTest" name="runScenario" time="0.019"/>
  <system-out/>
</testsuite> <!-- awsomecucumber.RunCucumberTest -->
